2019-10-14 14:17:18

Configure
Init
 : Q= 1	R= 1
 : Q= 1	R= 3
 : Q= 3	R= 0
 : Q= 4	R= 0
 : Q= 2	R= 1
 : Q= 0	R= 2
 : Q= 0	R= 3
 : Q= 2	R= 0
 : Q= 2	R= 2
 : Q= 4	R= -1
 : Q= 4	R= 1
 : Q= 3	R= 2
nb edges = 32
lien entre x : 1 , y : 1 , z : -2 et x : 0 , y : 2 , z : -2
lien entre x : 1 , y : 1 , z : -2 et x : 2 , y : 1 , z : -3
lien entre x : 1 , y : 1 , z : -2 et x : 2 , y : 0 , z : -2
lien entre x : 1 , y : 3 , z : -4 et x : 0 , y : 3 , z : -3
lien entre x : 1 , y : 3 , z : -4 et x : 2 , y : 2 , z : -4
lien entre x : 3 , y : 0 , z : -3 et x : 2 , y : 0 , z : -2
lien entre x : 3 , y : 0 , z : -3 et x : 2 , y : 1 , z : -3
lien entre x : 3 , y : 0 , z : -3 et x : 4 , y : 0 , z : -4
lien entre x : 3 , y : 0 , z : -3 et x : 4 , y : -1 , z : -3
lien entre x : 4 , y : 0 , z : -4 et x : 4 , y : -1 , z : -3
lien entre x : 4 , y : 0 , z : -4 et x : 3 , y : 0 , z : -3
lien entre x : 4 , y : 0 , z : -4 et x : 4 , y : 1 , z : -5
lien entre x : 2 , y : 1 , z : -3 et x : 2 , y : 0 , z : -2
lien entre x : 2 , y : 1 , z : -3 et x : 1 , y : 1 , z : -2
lien entre x : 2 , y : 1 , z : -3 et x : 2 , y : 2 , z : -4
lien entre x : 2 , y : 1 , z : -3 et x : 3 , y : 0 , z : -3
lien entre x : 0 , y : 2 , z : -2 et x : 0 , y : 3 , z : -3
lien entre x : 0 , y : 2 , z : -2 et x : 1 , y : 1 , z : -2
lien entre x : 0 , y : 3 , z : -3 et x : 0 , y : 2 , z : -2
lien entre x : 0 , y : 3 , z : -3 et x : 1 , y : 3 , z : -4
lien entre x : 2 , y : 0 , z : -2 et x : 1 , y : 1 , z : -2
lien entre x : 2 , y : 0 , z : -2 et x : 2 , y : 1 , z : -3
lien entre x : 2 , y : 0 , z : -2 et x : 3 , y : 0 , z : -3
lien entre x : 2 , y : 2 , z : -4 et x : 2 , y : 1 , z : -3
lien entre x : 2 , y : 2 , z : -4 et x : 1 , y : 3 , z : -4
lien entre x : 2 , y : 2 , z : -4 et x : 3 , y : 2 , z : -5
lien entre x : 4 , y : -1 , z : -3 et x : 3 , y : 0 , z : -3
lien entre x : 4 , y : -1 , z : -3 et x : 4 , y : 0 , z : -4
lien entre x : 4 , y : 1 , z : -5 et x : 4 , y : 0 , z : -4
lien entre x : 4 , y : 1 , z : -5 et x : 3 , y : 2 , z : -5
lien entre x : 3 , y : 2 , z : -5 et x : 2 , y : 2 , z : -4
lien entre x : 3 , y : 2 , z : -5 et x : 4 , y : 1 , z : -5

GetTurnOrders
GetTurnOrders
GetTurnOrders
GetTurnOrders
GetTurnOrders
GetTurnOrders
