e:\ai_bootcamp\iteration2\git\ai_bootcamp2\aibootcamp2-myfirstaibot-v1.01\myfirstaibot.dir\debug\myfirstaibot.pdb
e:\ai_bootcamp\iteration2\git\ai_bootcamp2\aibootcamp2-myfirstaibot-v1.01\myfirstaibot.dir\debug\hex.obj
e:\ai_bootcamp\iteration2\git\ai_bootcamp2\aibootcamp2-myfirstaibot-v1.01\myfirstaibot.dir\debug\graph.obj
e:\ai_bootcamp\iteration2\git\ai_bootcamp2\aibootcamp2-myfirstaibot-v1.01\myfirstaibot.dir\debug\stdafx.obj
e:\ai_bootcamp\iteration2\git\ai_bootcamp2\aibootcamp2-myfirstaibot-v1.01\myfirstaibot.dir\debug\interop_api.obj
e:\ai_bootcamp\iteration2\git\ai_bootcamp2\aibootcamp2-myfirstaibot-v1.01\myfirstaibot.dir\debug\dllmain.obj
e:\ai_bootcamp\iteration2\git\ai_bootcamp2\aibootcamp2-myfirstaibot-v1.01\myfirstaibot.dir\debug\mybotlogic.obj
e:\ai_bootcamp\iteration2\git\ai_bootcamp2\aibootcamp2-myfirstaibot-v1.01\myfirstaibot.dir\debug\logger.obj
e:\ai_bootcamp\iteration2\git\ai_bootcamp2\aibootcamp2-myfirstaibot-v1.01\myfirstaibot.dir\debug\aibot.obj
e:\ai_bootcamp\iteration2\git\ai_bootcamp2\aibootcamp2-myfirstaibot-v1.01\cmakefiles\generate.stamp
e:\ai_bootcamp\iteration2\git\ai_bootcamp2\aibootcamp2-myfirstaibot-v1.01\debug\myfirstaibot.dll
e:\ai_bootcamp\iteration2\git\ai_bootcamp2\aibootcamp2-myfirstaibot-v1.01\debug\myfirstaibot.pdb
e:\ai_bootcamp\iteration2\git\ai_bootcamp2\aibootcamp2-myfirstaibot-v1.01\myfirstaibot.dir\debug\myfirstaibot.tlog\cl.command.1.tlog
e:\ai_bootcamp\iteration2\git\ai_bootcamp2\aibootcamp2-myfirstaibot-v1.01\myfirstaibot.dir\debug\myfirstaibot.tlog\cl.read.1.tlog
e:\ai_bootcamp\iteration2\git\ai_bootcamp2\aibootcamp2-myfirstaibot-v1.01\myfirstaibot.dir\debug\myfirstaibot.tlog\cl.write.1.tlog
e:\ai_bootcamp\iteration2\git\ai_bootcamp2\aibootcamp2-myfirstaibot-v1.01\myfirstaibot.dir\debug\myfirstaibot.tlog\custombuild.command.1.tlog
e:\ai_bootcamp\iteration2\git\ai_bootcamp2\aibootcamp2-myfirstaibot-v1.01\myfirstaibot.dir\debug\myfirstaibot.tlog\custombuild.read.1.tlog
e:\ai_bootcamp\iteration2\git\ai_bootcamp2\aibootcamp2-myfirstaibot-v1.01\myfirstaibot.dir\debug\myfirstaibot.tlog\custombuild.write.1.tlog
e:\ai_bootcamp\iteration2\git\ai_bootcamp2\aibootcamp2-myfirstaibot-v1.01\myfirstaibot.dir\debug\myfirstaibot.tlog\lib-link.read.1.tlog
e:\ai_bootcamp\iteration2\git\ai_bootcamp2\aibootcamp2-myfirstaibot-v1.01\myfirstaibot.dir\debug\myfirstaibot.tlog\lib-link.write.1.tlog
e:\ai_bootcamp\iteration2\git\ai_bootcamp2\aibootcamp2-myfirstaibot-v1.01\myfirstaibot.dir\debug\myfirstaibot.tlog\lib.command.1.tlog
